#
# There is insufficient memory for the Java Runtime Environment to continue.
# Native memory allocation (malloc) failed to allocate 976336 bytes. Error detail: Chunk::new
# Possible reasons:
#   The system is out of physical RAM or swap space
#   This process is running with CompressedOops enabled, and the Java Heap may be blocking the growth of the native heap
# Possible solutions:
#   Reduce memory load on the system
#   Increase physical memory or swap space
#   Check if swap backing store is full
#   Decrease Java heap size (-Xmx/-Xms)
#   Decrease number of Java threads
#   Decrease Java thread stack sizes (-Xss)
#   Set larger code cache with -XX:ReservedCodeCacheSize=
#   JVM is running with Unscaled Compressed Oops mode in which the Java heap is
#     placed in the first 4GB address space. The Java Heap base address is the
#     maximum limit for the native heap growth. Please use -XX:HeapBaseMinAddress
#     to set the Java Heap base and to place the Java Heap above 4GB virtual address.
# This output file may be truncated or incomplete.
#
#  Out of Memory Error (arena.cpp:168), pid=1260, tid=10684
#
# JRE version: OpenJDK Runtime Environment Temurin-21.0.9+10 (21.0.9+10) (build 21.0.9+10-LTS)
# Java VM: OpenJDK 64-Bit Server VM Temurin-21.0.9+10 (21.0.9+10-LTS, mixed mode, sharing, tiered, compressed oops, compressed class ptrs, parallel gc, windows-amd64)
# No core dump will be written. Minidumps are not enabled by default on client versions of Windows
#

---------------  S U M M A R Y ------------

Command Line: --add-modules=ALL-SYSTEM --add-opens=java.base/java.util=ALL-UNNAMED --add-opens=java.base/java.lang=ALL-UNNAMED --add-opens=java.base/sun.nio.fs=ALL-UNNAMED -Declipse.application=org.eclipse.jdt.ls.core.id1 -Dosgi.bundles.defaultStartLevel=4 -Declipse.product=org.eclipse.jdt.ls.core.product -Djava.import.generatesMetadataFilesAtProjectRoot=false -DDetectVMInstallationsJob.disabled=true -Dfile.encoding=utf8 -XX:+UseParallelGC -XX:GCTimeRatio=4 -XX:AdaptiveSizePolicyWeight=90 -Dsun.zip.disableMemoryMapping=true -Xmx2G -Xms100m -Xlog:disable -javaagent:c:\Users\Laura\.vscode\extensions\redhat.java-1.51.0-win32-x64\lombok\lombok-1.18.39-4050.jar -XX:+HeapDumpOnOutOfMemoryError -XX:HeapDumpPath=c:\Users\Laura\AppData\Roaming\Code\User\workspaceStorage\60b8c2716f1c298b346c9fc696469dde\redhat.java -Daether.dependencyCollector.impl=bf c:\Users\Laura\.vscode\extensions\redhat.java-1.51.0-win32-x64\server\plugins\org.eclipse.equinox.launcher_1.7.100.v20251111-0406.jar -configuration c:\Users\Laura\AppData\Roaming\Code\User\globalStorage\redhat.java\1.51.0\config_win -data c:\Users\Laura\AppData\Roaming\Code\User\workspaceStorage\60b8c2716f1c298b346c9fc696469dde\redhat.java\jdt_ws --pipe=\\.\pipe\lsp-03ecca444c3fcf9b994ffef41af67951-sock

Host: Intel(R) Core(TM) i5-9500 CPU @ 3.00GHz, 6 cores, 15G,  Windows 11 , 64 bit Build 26100 (10.0.26100.7623)
Time: Tue Jan 27 12:22:28 2026 Hora estándar romance elapsed time: 8.308883 seconds (0d 0h 0m 8s)

---------------  T H R E A D  ---------------

Current thread (0x000001d172714620):  JavaThread "C2 CompilerThread1" daemon [_thread_in_native, id=10684, stack(0x0000002112900000,0x0000002112a00000) (1024K)]


Current CompileTask:
C2:8309 8807       4       jdk.internal.org.objectweb.asm.SymbolTable::addConstantMemberReference (147 bytes)

Stack: [0x0000002112900000,0x0000002112a00000]
Native frames: (J=compiled Java code, j=interpreted, Vv=VM code, C=native code)
V  [jvm.dll+0x6d6e29]
V  [jvm.dll+0x8b4b76]
V  [jvm.dll+0x8b712e]
V  [jvm.dll+0x8b7813]
V  [jvm.dll+0x283d86]
V  [jvm.dll+0xc66ed]
V  [jvm.dll+0xc6c31]
V  [jvm.dll+0x3be501]
V  [jvm.dll+0x38ab92]
V  [jvm.dll+0x389fda]
V  [jvm.dll+0x24bfa0]
V  [jvm.dll+0x24b580]
V  [jvm.dll+0x1cb13e]
V  [jvm.dll+0x25b29d]
V  [jvm.dll+0x25982a]
V  [jvm.dll+0x3f7ea6]
V  [jvm.dll+0x85e9ad]
V  [jvm.dll+0x6d565d]
C  [ucrtbase.dll+0x37b0]
C  [KERNEL32.DLL+0x2e8d7]
C  [ntdll.dll+0x8c53c]


---------------  P R O C E S S  ---------------

Threads class SMR info:
_java_thread_list=0x000001d1798f1110, length=51, elements={
0x000001d1197e1fa0, 0x000001d11970d290, 0x000001d119710f80, 0x000001d119713ff0,
0x000001d119714ec0, 0x000001d1197194b0, 0x000001d11971d470, 0x000001d119726820,
0x000001d11972b290, 0x000001d17261f130, 0x000001d172714620, 0x000001d1727e5060,
0x000001d17784e110, 0x000001d177816940, 0x000001d1778054a0, 0x000001d177807e50,
0x000001d177b2e480, 0x000001d17789e090, 0x000001d177929770, 0x000001d1779290e0,
0x000001d17792c560, 0x000001d17792b840, 0x000001d17792bed0, 0x000001d17792a490,
0x000001d17792b1b0, 0x000001d17792ab20, 0x000001d179b05c90, 0x000001d179b069b0,
0x000001d179b03530, 0x000001d179b05600, 0x000001d179b07040, 0x000001d179b06320,
0x000001d179b03bc0, 0x000001d179b048e0, 0x000001d179b076d0, 0x000001d179b04f70,
0x000001d179b083f0, 0x000001d179b08a80, 0x000001d179b09110, 0x000001d179b0a4c0,
0x000001d179b09e30, 0x000001d179b0ab50, 0x000001d1798a37e0, 0x000001d1798a3150,
0x000001d1798a1080, 0x000001d1798a1710, 0x000001d1798a3e70, 0x000001d1798a1da0,
0x000001d1798a2430, 0x000001d1798a2ac0, 0x000001d17de34f40
}

Java Threads: ( => current thread )
  0x000001d1197e1fa0 JavaThread "main"                              [_thread_blocked, id=20048, stack(0x0000002111c00000,0x0000002111d00000) (1024K)]
  0x000001d11970d290 JavaThread "Reference Handler"          daemon [_thread_blocked, id=16640, stack(0x0000002112000000,0x0000002112100000) (1024K)]
  0x000001d119710f80 JavaThread "Finalizer"                  daemon [_thread_blocked, id=10760, stack(0x0000002112100000,0x0000002112200000) (1024K)]
  0x000001d119713ff0 JavaThread "Signal Dispatcher"          daemon [_thread_blocked, id=21268, stack(0x0000002112200000,0x0000002112300000) (1024K)]
  0x000001d119714ec0 JavaThread "Attach Listener"            daemon [_thread_blocked, id=4528, stack(0x0000002112300000,0x0000002112400000) (1024K)]
  0x000001d1197194b0 JavaThread "Service Thread"             daemon [_thread_blocked, id=10196, stack(0x0000002112400000,0x0000002112500000) (1024K)]
  0x000001d11971d470 JavaThread "Monitor Deflation Thread"   daemon [_thread_blocked, id=12584, stack(0x0000002112500000,0x0000002112600000) (1024K)]
  0x000001d119726820 JavaThread "C2 CompilerThread0"         daemon [_thread_in_native, id=10192, stack(0x0000002112600000,0x0000002112700000) (1024K)]
  0x000001d11972b290 JavaThread "C1 CompilerThread0"         daemon [_thread_in_vm, id=20236, stack(0x0000002112700000,0x0000002112800000) (1024K)]
  0x000001d17261f130 JavaThread "Common-Cleaner"             daemon [_thread_blocked, id=18456, stack(0x0000002112800000,0x0000002112900000) (1024K)]
=>0x000001d172714620 JavaThread "C2 CompilerThread1"         daemon [_thread_in_native, id=10684, stack(0x0000002112900000,0x0000002112a00000) (1024K)]
  0x000001d1727e5060 JavaThread "Notification Thread"        daemon [_thread_blocked, id=324, stack(0x0000002112a00000,0x0000002112b00000) (1024K)]
  0x000001d17784e110 JavaThread "Active Thread: Equinox Container: b843f983-feb8-4840-ba1d-f2d49cad2c34"        [_thread_blocked, id=19576, stack(0x0000002113000000,0x0000002113100000) (1024K)]
  0x000001d177816940 JavaThread "Refresh Thread: Equinox Container: b843f983-feb8-4840-ba1d-f2d49cad2c34" daemon [_thread_blocked, id=6980, stack(0x0000002113100000,0x0000002113200000) (1024K)]
  0x000001d1778054a0 JavaThread "Framework Event Dispatcher: Equinox Container: b843f983-feb8-4840-ba1d-f2d49cad2c34" daemon [_thread_blocked, id=12772, stack(0x0000002113200000,0x0000002113300000) (1024K)]
  0x000001d177807e50 JavaThread "Start Level: Equinox Container: b843f983-feb8-4840-ba1d-f2d49cad2c34" daemon [_thread_blocked, id=9788, stack(0x0000002113300000,0x0000002113400000) (1024K)]
  0x000001d177b2e480 JavaThread "Bundle File Closer"         daemon [_thread_blocked, id=9796, stack(0x0000002113400000,0x0000002113500000) (1024K)]
  0x000001d17789e090 JavaThread "SCR Component Actor"        daemon [_thread_blocked, id=19800, stack(0x0000002113500000,0x0000002113600000) (1024K)]
  0x000001d177929770 JavaThread "Worker-JM"                         [_thread_blocked, id=10148, stack(0x0000002113600000,0x0000002113700000) (1024K)]
  0x000001d1779290e0 JavaThread "JNA Cleaner"                daemon [_thread_blocked, id=11280, stack(0x0000002113700000,0x0000002113800000) (1024K)]
  0x000001d17792c560 JavaThread "Worker-0"                          [_thread_blocked, id=13600, stack(0x0000002113800000,0x0000002113900000) (1024K)]
  0x000001d17792b840 JavaThread "Worker-1"                          [_thread_blocked, id=20740, stack(0x0000002113900000,0x0000002113a00000) (1024K)]
  0x000001d17792bed0 JavaThread "Worker-2"                          [_thread_blocked, id=21240, stack(0x0000002113a00000,0x0000002113b00000) (1024K)]
  0x000001d17792a490 JavaThread "Java indexing"              daemon [_thread_blocked, id=17864, stack(0x0000002113b00000,0x0000002113c00000) (1024K)]
  0x000001d17792b1b0 JavaThread "Worker-3: Building"                [_thread_blocked, id=14136, stack(0x0000002113c00000,0x0000002113d00000) (1024K)]
  0x000001d17792ab20 JavaThread "Thread-1"                   daemon [_thread_in_native, id=9820, stack(0x0000002113f00000,0x0000002114000000) (1024K)]
  0x000001d179b05c90 JavaThread "Thread-2"                   daemon [_thread_in_native, id=19184, stack(0x0000002114000000,0x0000002114100000) (1024K)]
  0x000001d179b069b0 JavaThread "Thread-3"                   daemon [_thread_in_native, id=21372, stack(0x0000002114100000,0x0000002114200000) (1024K)]
  0x000001d179b03530 JavaThread "Thread-4"                   daemon [_thread_in_native, id=21072, stack(0x0000002114200000,0x0000002114300000) (1024K)]
  0x000001d179b05600 JavaThread "Thread-5"                   daemon [_thread_in_native, id=5556, stack(0x0000002114300000,0x0000002114400000) (1024K)]
  0x000001d179b07040 JavaThread "Thread-6"                   daemon [_thread_in_native, id=8784, stack(0x0000002114400000,0x0000002114500000) (1024K)]
  0x000001d179b06320 JavaThread "Thread-7"                   daemon [_thread_in_native, id=11256, stack(0x0000002114500000,0x0000002114600000) (1024K)]
  0x000001d179b03bc0 JavaThread "pool-2-thread-1"                   [_thread_blocked, id=9604, stack(0x0000002114600000,0x0000002114700000) (1024K)]
  0x000001d179b048e0 JavaThread "Worker-4"                          [_thread_blocked, id=11320, stack(0x0000002114700000,0x0000002114800000) (1024K)]
  0x000001d179b076d0 JavaThread "WorkspaceEventsHandler"            [_thread_blocked, id=18288, stack(0x0000002114800000,0x0000002114900000) (1024K)]
  0x000001d179b04f70 JavaThread "pool-1-thread-1"                   [_thread_blocked, id=10364, stack(0x0000002114900000,0x0000002114a00000) (1024K)]
  0x000001d179b083f0 JavaThread "LocalFile Deleter"          daemon [_thread_blocked, id=17764, stack(0x0000002114a00000,0x0000002114b00000) (1024K)]
  0x000001d179b08a80 JavaThread "LocalFile Deleter"          daemon [_thread_blocked, id=524, stack(0x0000002114b00000,0x0000002114c00000) (1024K)]
  0x000001d179b09110 JavaThread "LocalFile Deleter"          daemon [_thread_blocked, id=14400, stack(0x0000002114c00000,0x0000002114d00000) (1024K)]
  0x000001d179b0a4c0 JavaThread "LocalFile Deleter"          daemon [_thread_blocked, id=11784, stack(0x0000002114d00000,0x0000002114e00000) (1024K)]
  0x000001d179b09e30 JavaThread "LocalFile Deleter"          daemon [_thread_blocked, id=20748, stack(0x0000002114e00000,0x0000002114f00000) (1024K)]
  0x000001d179b0ab50 JavaThread "LocalFile Deleter"          daemon [_thread_blocked, id=5472, stack(0x0000002114f00000,0x0000002115000000) (1024K)]
  0x000001d1798a37e0 JavaThread "Compiler Source File Reader" daemon [_thread_blocked, id=13860, stack(0x0000002115000000,0x0000002115100000) (1024K)]
  0x000001d1798a3150 JavaThread "Compiler Source File Reader" daemon [_thread_blocked, id=11120, stack(0x0000002115100000,0x0000002115200000) (1024K)]
  0x000001d1798a1080 JavaThread "Compiler Source File Reader" daemon [_thread_blocked, id=10532, stack(0x0000002115200000,0x0000002115300000) (1024K)]
  0x000001d1798a1710 JavaThread "Compiler Source File Reader" daemon [_thread_blocked, id=11384, stack(0x0000002115300000,0x0000002115400000) (1024K)]
  0x000001d1798a3e70 JavaThread "Compiler Processing Task"   daemon [_thread_in_vm, id=17132, stack(0x0000002115400000,0x0000002115500000) (1024K)]
  0x000001d1798a1da0 JavaThread "Compiler Class File Writer" daemon [_thread_blocked, id=8528, stack(0x0000002115500000,0x0000002115600000) (1024K)]
  0x000001d1798a2430 JavaThread "Compiler Class File Writer" daemon [_thread_blocked, id=4488, stack(0x0000002115600000,0x0000002115700000) (1024K)]
  0x000001d1798a2ac0 JavaThread "Compiler Class File Writer" daemon [_thread_blocked, id=17904, stack(0x0000002115700000,0x0000002115800000) (1024K)]
  0x000001d17de34f40 JavaThread "Compiler Class File Writer" daemon [_thread_blocked, id=16864, stack(0x0000002115800000,0x0000002115900000) (1024K)]
Total: 51

Other Threads:
  0x000001d11744ea60 VMThread "VM Thread"                           [id=16716, stack(0x0000002111f00000,0x0000002112000000) (1024K)]
  0x000001d11966ca00 WatcherThread "VM Periodic Task Thread"        [id=11720, stack(0x0000002111e00000,0x0000002111f00000) (1024K)]
  0x000001d1198011e0 WorkerThread "GC Thread#0"                     [id=5788, stack(0x0000002111d00000,0x0000002111e00000) (1024K)]
  0x000001d1772f68c0 WorkerThread "GC Thread#1"                     [id=19992, stack(0x0000002112b00000,0x0000002112c00000) (1024K)]
  0x000001d1774489d0 WorkerThread "GC Thread#2"                     [id=17184, stack(0x0000002112c00000,0x0000002112d00000) (1024K)]
  0x000001d1773c6390 WorkerThread "GC Thread#3"                     [id=12036, stack(0x0000002112d00000,0x0000002112e00000) (1024K)]
  0x000001d1775051f0 WorkerThread "GC Thread#4"                     [id=12112, stack(0x0000002112e00000,0x0000002112f00000) (1024K)]
  0x000001d177505590 WorkerThread "GC Thread#5"                     [id=588, stack(0x0000002112f00000,0x0000002113000000) (1024K)]
Total: 8

Threads with active compile tasks:
C2 CompilerThread0  8376 8949       4       org.eclipse.jdt.internal.compiler.lookup.BinaryTypeBinding::createMethod (1666 bytes)
C1 CompilerThread0  8377 9015       3       org.eclipse.jdt.internal.compiler.ast.ASTNode::checkInvocationArguments (838 bytes)
C2 CompilerThread1  8377 8807       4       jdk.internal.org.objectweb.asm.SymbolTable::addConstantMemberReference (147 bytes)
Total: 3

VM state: not at safepoint (normal execution)

VM Mutex/Monitor currently owned by a thread:  ([mutex/lock_event])
[0x00007ff89f89b4f0] Metaspace_lock - owner thread: 0x000001d11972b290

Heap address: 0x0000000080000000, size: 2048 MB, Compressed Oops mode: 32-bit

CDS archive(s) mapped at: [0x000001d131000000-0x000001d131ba0000-0x000001d131ba0000), size 12189696, SharedBaseAddress: 0x000001d131000000, ArchiveRelocationMode: 1.
Compressed class space mapped at: 0x000001d132000000-0x000001d172000000, reserved size: 1073741824
Narrow klass base: 0x000001d131000000, Narrow klass shift: 0, Narrow klass range: 0x100000000

GC Precious Log:
 CardTable entry size: 512
 CPUs: 6 total, 6 available
 Memory: 16165M
 Large Page Support: Disabled
 NUMA Support: Disabled
 Compressed Oops: Enabled (32-bit)
 Alignments: Space 512K, Generation 512K, Heap 2M
 Heap Min Capacity: 100M
 Heap Initial Capacity: 100M
 Heap Max Capacity: 2G
 Pre-touch: Disabled
 Parallel Workers: 6

Heap:
 PSYoungGen      total 23040K, used 15627K [0x00000000d5580000, 0x00000000d6e80000, 0x0000000100000000)
  eden space 21504K, 65% used [0x00000000d5580000,0x00000000d634afb0,0x00000000d6a80000)
  from space 1536K, 97% used [0x00000000d6b80000,0x00000000d6cf8040,0x00000000d6d00000)
  to   space 1024K, 0% used [0x00000000d6d80000,0x00000000d6d80000,0x00000000d6e80000)
 ParOldGen       total 68608K, used 54258K [0x0000000080000000, 0x0000000084300000, 0x00000000d5580000)
  object space 68608K, 79% used [0x0000000080000000,0x00000000834fc930,0x0000000084300000)
 Metaspace       used 58285K, committed 59648K, reserved 1114112K
  class space    used 6231K, committed 6784K, reserved 1048576K

Card table byte_map: [0x000001d119180000,0x000001d119590000] _byte_map_base: 0x000001d118d80000

Marking Bits: (ParMarkBitMap*) 0x00007ff89f8a2460
 Begin Bits: [0x000001d12bc90000, 0x000001d12dc90000)
 End Bits:   [0x000001d12dc90000, 0x000001d12fc90000)

Polling page: 0x000001d117580000

Metaspace:

Usage:
  Non-class:     50.83 MB used.
      Class:      6.09 MB used.
       Both:     56.92 MB used.

Virtual space:
  Non-class space:       64.00 MB reserved,      51.62 MB ( 81%) committed,  1 nodes.
      Class space:        1.00 GB reserved,       6.62 MB ( <1%) committed,  1 nodes.
             Both:        1.06 GB reserved,      58.25 MB (  5%) committed. 

Chunk freelists:
   Non-Class:  11.92 MB
       Class:  9.39 MB
        Both:  21.31 MB

MaxMetaspaceSize: unlimited
CompressedClassSpaceSize: 1.00 GB
Initial GC threshold: 21.00 MB
Current GC threshold: 58.38 MB
CDS: on
 - commit_granule_bytes: 65536.
 - commit_granule_words: 8192.
 - virtual_space_node_default_size: 8388608.
 - enlarge_chunks_in_place: 1.
 - use_allocation_guard: 0.


Internal statistics:

num_allocs_failed_limit: 6.
num_arena_births: 1120.
num_arena_deaths: 14.
num_vsnodes_births: 2.
num_vsnodes_deaths: 0.
num_space_committed: 932.
num_space_uncommitted: 0.
num_chunks_returned_to_freelist: 20.
num_chunks_taken_from_freelist: 3875.
num_chunk_merges: 8.
num_chunk_splits: 2349.
num_chunks_enlarged: 1286.
num_inconsistent_stats: 0.

CodeHeap 'non-profiled nmethods': size=120000Kb used=4415Kb max_used=4415Kb free=115584Kb
 bounds [0x000001d1244b0000, 0x000001d124900000, 0x000001d12b9e0000]
CodeHeap 'profiled nmethods': size=120000Kb used=18680Kb max_used=18680Kb free=101319Kb
 bounds [0x000001d11c9e0000, 0x000001d11dc20000, 0x000001d123f10000]
CodeHeap 'non-nmethods': size=5760Kb used=1410Kb max_used=1472Kb free=4350Kb
 bounds [0x000001d123f10000, 0x000001d124180000, 0x000001d1244b0000]
CodeCache: size=245760Kb, used=24505Kb, max_used=24567Kb, free=221253Kb
 total_blobs=9138, nmethods=8416, adapters=628, full_count=0
Compilation: enabled, stopped_count=0, restarted_count=0

Compilation events (20 events):
Event: 8.254 Thread 0x000001d11972b290 8985       3       org.eclipse.jdt.internal.compiler.ast.Expression::getDirectBinding (166 bytes)
Event: 8.254 Thread 0x000001d11972b290 nmethod 8985 0x000001d11dc06310 code [0x000001d11dc065c0, 0x000001d11dc077d0]
Event: 8.255 Thread 0x000001d11972b290 8987       3       org.eclipse.jdt.internal.compiler.ast.Statement::complainIfUnreachable (95 bytes)
Event: 8.255 Thread 0x000001d11972b290 nmethod 8987 0x000001d11dc07a90 code [0x000001d11dc07ce0, 0x000001d11dc08670]
Event: 8.255 Thread 0x000001d11972b290 8989       3       org.eclipse.jdt.internal.compiler.lookup.BlockScope::checkUnclosedCloseables (574 bytes)
Event: 8.257 Thread 0x000001d11972b290 nmethod 8989 0x000001d11dc08910 code [0x000001d11dc08e80, 0x000001d11dc0c300]
Event: 8.257 Thread 0x000001d11972b290 8992       3       org.eclipse.core.runtime.SubMonitor::isCanceled (20 bytes)
Event: 8.257 Thread 0x000001d11972b290 nmethod 8992 0x000001d11dc0d310 code [0x000001d11dc0d4e0, 0x000001d11dc0d788]
Event: 8.257 Thread 0x000001d11972b290 8993       3       org.eclipse.jdt.internal.compiler.codegen.CodeStream::writeUnsignedShort (50 bytes)
Event: 8.257 Thread 0x000001d11972b290 nmethod 8993 0x000001d11dc0d890 code [0x000001d11dc0da40, 0x000001d11dc0dbb8]
Event: 8.257 Thread 0x000001d11972b290 8990       3       org.eclipse.jdt.internal.compiler.codegen.OperandStack::pop (75 bytes)
Event: 8.258 Thread 0x000001d11972b290 nmethod 8990 0x000001d11dc0dc90 code [0x000001d11dc0dec0, 0x000001d11dc0e5b0]
Event: 8.258 Thread 0x000001d11972b290 8991   !   3       org.eclipse.jdt.internal.compiler.codegen.OperandStack::$SWITCH_TABLE$org$eclipse$jdt$internal$compiler$codegen$OperandStack$OperandCategory (48 bytes)
Event: 8.258 Thread 0x000001d11972b290 nmethod 8991 0x000001d11dc0e890 code [0x000001d11dc0ea60, 0x000001d11dc0ed90]
Event: 8.258 Thread 0x000001d11972b290 8994       3       org.eclipse.jdt.internal.compiler.codegen.ConstantPool::literalIndexForMethod (239 bytes)
Event: 8.259 Thread 0x000001d11972b290 nmethod 8994 0x000001d11dc0ef10 code [0x000001d11dc0f1c0, 0x000001d11dc0feb8]
Event: 8.259 Thread 0x000001d11972b290 8995       3       org.eclipse.jdt.internal.compiler.lookup.MethodBinding::isCanonicalConstructor (14 bytes)
Event: 8.259 Thread 0x000001d11972b290 nmethod 8995 0x000001d11dc10510 code [0x000001d11dc106c0, 0x000001d11dc10838]
Event: 8.259 Thread 0x000001d11972b290 8986       3       org.eclipse.jdt.internal.compiler.lookup.MethodBinding::isBridge (14 bytes)
Event: 8.259 Thread 0x000001d11972b290 nmethod 8986 0x000001d11dc10910 code [0x000001d11dc10ac0, 0x000001d11dc10c38]

GC Heap History (20 events):
Event: 4.906 GC heap before
{Heap before GC invocations=26 (full 2):
 PSYoungGen      total 23552K, used 23296K [0x00000000d5580000, 0x00000000d6e80000, 0x0000000100000000)
  eden space 21504K, 100% used [0x00000000d5580000,0x00000000d6a80000,0x00000000d6a80000)
  from space 2048K, 87% used [0x00000000d6a80000,0x00000000d6c40020,0x00000000d6c80000)
  to   space 2048K, 0% used [0x00000000d6c80000,0x00000000d6c80000,0x00000000d6e80000)
 ParOldGen       total 68608K, used 35489K [0x0000000080000000, 0x0000000084300000, 0x00000000d5580000)
  object space 68608K, 51% used [0x0000000080000000,0x00000000822a84c0,0x0000000084300000)
 Metaspace       used 43723K, committed 44992K, reserved 1114112K
  class space    used 4668K, committed 5248K, reserved 1048576K
}
Event: 4.971 GC heap after
{Heap after GC invocations=26 (full 2):
 PSYoungGen      total 23552K, used 2016K [0x00000000d5580000, 0x00000000d6e80000, 0x0000000100000000)
  eden space 21504K, 0% used [0x00000000d5580000,0x00000000d5580000,0x00000000d6a80000)
  from space 2048K, 98% used [0x00000000d6c80000,0x00000000d6e78020,0x00000000d6e80000)
  to   space 2048K, 0% used [0x00000000d6a80000,0x00000000d6a80000,0x00000000d6c80000)
 ParOldGen       total 68608K, used 41213K [0x0000000080000000, 0x0000000084300000, 0x00000000d5580000)
  object space 68608K, 60% used [0x0000000080000000,0x000000008283f640,0x0000000084300000)
 Metaspace       used 43723K, committed 44992K, reserved 1114112K
  class space    used 4668K, committed 5248K, reserved 1048576K
}
Event: 5.264 GC heap before
{Heap before GC invocations=27 (full 2):
 PSYoungGen      total 23552K, used 23520K [0x00000000d5580000, 0x00000000d6e80000, 0x0000000100000000)
  eden space 21504K, 100% used [0x00000000d5580000,0x00000000d6a80000,0x00000000d6a80000)
  from space 2048K, 98% used [0x00000000d6c80000,0x00000000d6e78020,0x00000000d6e80000)
  to   space 2048K, 0% used [0x00000000d6a80000,0x00000000d6a80000,0x00000000d6c80000)
 ParOldGen       total 68608K, used 41213K [0x0000000080000000, 0x0000000084300000, 0x00000000d5580000)
  object space 68608K, 60% used [0x0000000080000000,0x000000008283f640,0x0000000084300000)
 Metaspace       used 46195K, committed 47552K, reserved 1114112K
  class space    used 4967K, committed 5568K, reserved 1048576K
}
Event: 5.268 GC heap after
{Heap after GC invocations=27 (full 2):
 PSYoungGen      total 23552K, used 1072K [0x00000000d5580000, 0x00000000d7180000, 0x0000000100000000)
  eden space 21504K, 0% used [0x00000000d5580000,0x00000000d5580000,0x00000000d6a80000)
  from space 2048K, 52% used [0x00000000d6a80000,0x00000000d6b8c010,0x00000000d6c80000)
  to   space 3584K, 0% used [0x00000000d6e00000,0x00000000d6e00000,0x00000000d7180000)
 ParOldGen       total 68608K, used 43205K [0x0000000080000000, 0x0000000084300000, 0x00000000d5580000)
  object space 68608K, 62% used [0x0000000080000000,0x0000000082a31660,0x0000000084300000)
 Metaspace       used 46195K, committed 47552K, reserved 1114112K
  class space    used 4967K, committed 5568K, reserved 1048576K
}
Event: 5.727 GC heap before
{Heap before GC invocations=28 (full 2):
 PSYoungGen      total 23552K, used 22576K [0x00000000d5580000, 0x00000000d7180000, 0x0000000100000000)
  eden space 21504K, 100% used [0x00000000d5580000,0x00000000d6a80000,0x00000000d6a80000)
  from space 2048K, 52% used [0x00000000d6a80000,0x00000000d6b8c010,0x00000000d6c80000)
  to   space 3584K, 0% used [0x00000000d6e00000,0x00000000d6e00000,0x00000000d7180000)
 ParOldGen       total 68608K, used 43205K [0x0000000080000000, 0x0000000084300000, 0x00000000d5580000)
  object space 68608K, 62% used [0x0000000080000000,0x0000000082a31660,0x0000000084300000)
 Metaspace       used 48657K, committed 49984K, reserved 1114112K
  class space    used 5302K, committed 5888K, reserved 1048576K
}
Event: 5.730 GC heap after
{Heap after GC invocations=28 (full 2):
 PSYoungGen      total 23040K, used 1344K [0x00000000d5580000, 0x00000000d6f80000, 0x0000000100000000)
  eden space 21504K, 0% used [0x00000000d5580000,0x00000000d5580000,0x00000000d6a80000)
  from space 1536K, 87% used [0x00000000d6e00000,0x00000000d6f50000,0x00000000d6f80000)
  to   space 2048K, 0% used [0x00000000d6b80000,0x00000000d6b80000,0x00000000d6d80000)
 ParOldGen       total 68608K, used 44119K [0x0000000080000000, 0x0000000084300000, 0x00000000d5580000)
  object space 68608K, 64% used [0x0000000080000000,0x0000000082b15e70,0x0000000084300000)
 Metaspace       used 48657K, committed 49984K, reserved 1114112K
  class space    used 5302K, committed 5888K, reserved 1048576K
}
Event: 6.028 GC heap before
{Heap before GC invocations=29 (full 2):
 PSYoungGen      total 23040K, used 22848K [0x00000000d5580000, 0x00000000d6f80000, 0x0000000100000000)
  eden space 21504K, 100% used [0x00000000d5580000,0x00000000d6a80000,0x00000000d6a80000)
  from space 1536K, 87% used [0x00000000d6e00000,0x00000000d6f50000,0x00000000d6f80000)
  to   space 2048K, 0% used [0x00000000d6b80000,0x00000000d6b80000,0x00000000d6d80000)
 ParOldGen       total 68608K, used 44119K [0x0000000080000000, 0x0000000084300000, 0x00000000d5580000)
  object space 68608K, 64% used [0x0000000080000000,0x0000000082b15e70,0x0000000084300000)
 Metaspace       used 51191K, committed 52544K, reserved 1114112K
  class space    used 5588K, committed 6144K, reserved 1048576K
}
Event: 6.031 GC heap after
{Heap after GC invocations=29 (full 2):
 PSYoungGen      total 23040K, used 1371K [0x00000000d5580000, 0x00000000d6e80000, 0x0000000100000000)
  eden space 21504K, 0% used [0x00000000d5580000,0x00000000d5580000,0x00000000d6a80000)
  from space 1536K, 89% used [0x00000000d6b80000,0x00000000d6cd6ee8,0x00000000d6d00000)
  to   space 1536K, 0% used [0x00000000d6d00000,0x00000000d6d00000,0x00000000d6e80000)
 ParOldGen       total 68608K, used 45335K [0x0000000080000000, 0x0000000084300000, 0x00000000d5580000)
  object space 68608K, 66% used [0x0000000080000000,0x0000000082c45e90,0x0000000084300000)
 Metaspace       used 51191K, committed 52544K, reserved 1114112K
  class space    used 5588K, committed 6144K, reserved 1048576K
}
Event: 6.408 GC heap before
{Heap before GC invocations=30 (full 2):
 PSYoungGen      total 23040K, used 22875K [0x00000000d5580000, 0x00000000d6e80000, 0x0000000100000000)
  eden space 21504K, 100% used [0x00000000d5580000,0x00000000d6a80000,0x00000000d6a80000)
  from space 1536K, 89% used [0x00000000d6b80000,0x00000000d6cd6ee8,0x00000000d6d00000)
  to   space 1536K, 0% used [0x00000000d6d00000,0x00000000d6d00000,0x00000000d6e80000)
 ParOldGen       total 68608K, used 45335K [0x0000000080000000, 0x0000000084300000, 0x00000000d5580000)
  object space 68608K, 66% used [0x0000000080000000,0x0000000082c45e90,0x0000000084300000)
 Metaspace       used 52064K, committed 53440K, reserved 1114112K
  class space    used 5703K, committed 6272K, reserved 1048576K
}
Event: 6.409 GC heap after
{Heap after GC invocations=30 (full 2):
 PSYoungGen      total 22016K, used 404K [0x00000000d5580000, 0x00000000d6d80000, 0x0000000100000000)
  eden space 21504K, 0% used [0x00000000d5580000,0x00000000d5580000,0x00000000d6a80000)
  from space 512K, 79% used [0x00000000d6d00000,0x00000000d6d652f8,0x00000000d6d80000)
  to   space 1024K, 0% used [0x00000000d6b80000,0x00000000d6b80000,0x00000000d6c80000)
 ParOldGen       total 68608K, used 46574K [0x0000000080000000, 0x0000000084300000, 0x00000000d5580000)
  object space 68608K, 67% used [0x0000000080000000,0x0000000082d7bba0,0x0000000084300000)
 Metaspace       used 52064K, committed 53440K, reserved 1114112K
  class space    used 5703K, committed 6272K, reserved 1048576K
}
Event: 6.660 GC heap before
{Heap before GC invocations=31 (full 2):
 PSYoungGen      total 22016K, used 21908K [0x00000000d5580000, 0x00000000d6d80000, 0x0000000100000000)
  eden space 21504K, 100% used [0x00000000d5580000,0x00000000d6a80000,0x00000000d6a80000)
  from space 512K, 79% used [0x00000000d6d00000,0x00000000d6d652f8,0x00000000d6d80000)
  to   space 1024K, 0% used [0x00000000d6b80000,0x00000000d6b80000,0x00000000d6c80000)
 ParOldGen       total 68608K, used 46574K [0x0000000080000000, 0x0000000084300000, 0x00000000d5580000)
  object space 68608K, 67% used [0x0000000080000000,0x0000000082d7bba0,0x0000000084300000)
 Metaspace       used 52942K, committed 54208K, reserved 1114112K
  class space    used 5783K, committed 6336K, reserved 1048576K
}
Event: 6.662 GC heap after
{Heap after GC invocations=31 (full 2):
 PSYoungGen      total 22528K, used 1018K [0x00000000d5580000, 0x00000000d7480000, 0x0000000100000000)
  eden space 21504K, 0% used [0x00000000d5580000,0x00000000d5580000,0x00000000d6a80000)
  from space 1024K, 99% used [0x00000000d6b80000,0x00000000d6c7e810,0x00000000d6c80000)
  to   space 5120K, 0% used [0x00000000d6f80000,0x00000000d6f80000,0x00000000d7480000)
 ParOldGen       total 68608K, used 49792K [0x0000000080000000, 0x0000000084300000, 0x00000000d5580000)
  object space 68608K, 72% used [0x0000000080000000,0x00000000830a0328,0x0000000084300000)
 Metaspace       used 52942K, committed 54208K, reserved 1114112K
  class space    used 5783K, committed 6336K, reserved 1048576K
}
Event: 6.820 GC heap before
{Heap before GC invocations=32 (full 2):
 PSYoungGen      total 22528K, used 22522K [0x00000000d5580000, 0x00000000d7480000, 0x0000000100000000)
  eden space 21504K, 100% used [0x00000000d5580000,0x00000000d6a80000,0x00000000d6a80000)
  from space 1024K, 99% used [0x00000000d6b80000,0x00000000d6c7e810,0x00000000d6c80000)
  to   space 5120K, 0% used [0x00000000d6f80000,0x00000000d6f80000,0x00000000d7480000)
 ParOldGen       total 68608K, used 49792K [0x0000000080000000, 0x0000000084300000, 0x00000000d5580000)
  object space 68608K, 72% used [0x0000000080000000,0x00000000830a0328,0x0000000084300000)
 Metaspace       used 53761K, committed 55104K, reserved 1114112K
  class space    used 5822K, committed 6400K, reserved 1048576K
}
Event: 6.823 GC heap after
{Heap after GC invocations=32 (full 2):
 PSYoungGen      total 25600K, used 3882K [0x00000000d5580000, 0x00000000d7380000, 0x0000000100000000)
  eden space 21504K, 0% used [0x00000000d5580000,0x00000000d5580000,0x00000000d6a80000)
  from space 4096K, 94% used [0x00000000d6f80000,0x00000000d734aa10,0x00000000d7380000)
  to   space 4096K, 0% used [0x00000000d6b80000,0x00000000d6b80000,0x00000000d6f80000)
 ParOldGen       total 68608K, used 50810K [0x0000000080000000, 0x0000000084300000, 0x00000000d5580000)
  object space 68608K, 74% used [0x0000000080000000,0x000000008319ea30,0x0000000084300000)
 Metaspace       used 53761K, committed 55104K, reserved 1114112K
  class space    used 5822K, committed 6400K, reserved 1048576K
}
Event: 6.865 GC heap before
{Heap before GC invocations=33 (full 2):
 PSYoungGen      total 25600K, used 25386K [0x00000000d5580000, 0x00000000d7380000, 0x0000000100000000)
  eden space 21504K, 100% used [0x00000000d5580000,0x00000000d6a80000,0x00000000d6a80000)
  from space 4096K, 94% used [0x00000000d6f80000,0x00000000d734aa10,0x00000000d7380000)
  to   space 4096K, 0% used [0x00000000d6b80000,0x00000000d6b80000,0x00000000d6f80000)
 ParOldGen       total 68608K, used 50810K [0x0000000080000000, 0x0000000084300000, 0x00000000d5580000)
  object space 68608K, 74% used [0x0000000080000000,0x000000008319ea30,0x0000000084300000)
 Metaspace       used 53778K, committed 55168K, reserved 1114112K
  class space    used 5822K, committed 6400K, reserved 1048576K
}
Event: 6.868 GC heap after
{Heap after GC invocations=33 (full 2):
 PSYoungGen      total 22528K, used 972K [0x00000000d5580000, 0x00000000d7000000, 0x0000000100000000)
  eden space 21504K, 0% used [0x00000000d5580000,0x00000000d5580000,0x00000000d6a80000)
  from space 1024K, 94% used [0x00000000d6b80000,0x00000000d6c73140,0x00000000d6c80000)
  to   space 2560K, 0% used [0x00000000d6d80000,0x00000000d6d80000,0x00000000d7000000)
 ParOldGen       total 68608K, used 53437K [0x0000000080000000, 0x0000000084300000, 0x00000000d5580000)
  object space 68608K, 77% used [0x0000000080000000,0x000000008342f4b0,0x0000000084300000)
 Metaspace       used 53778K, committed 55168K, reserved 1114112K
  class space    used 5822K, committed 6400K, reserved 1048576K
}
Event: 7.165 GC heap before
{Heap before GC invocations=34 (full 2):
 PSYoungGen      total 22528K, used 22476K [0x00000000d5580000, 0x00000000d7000000, 0x0000000100000000)
  eden space 21504K, 100% used [0x00000000d5580000,0x00000000d6a80000,0x00000000d6a80000)
  from space 1024K, 94% used [0x00000000d6b80000,0x00000000d6c73140,0x00000000d6c80000)
  to   space 2560K, 0% used [0x00000000d6d80000,0x00000000d6d80000,0x00000000d7000000)
 ParOldGen       total 68608K, used 53437K [0x0000000080000000, 0x0000000084300000, 0x00000000d5580000)
  object space 68608K, 77% used [0x0000000080000000,0x000000008342f4b0,0x0000000084300000)
 Metaspace       used 55323K, committed 56640K, reserved 1114112K
  class space    used 5972K, committed 6528K, reserved 1048576K
}
Event: 7.167 GC heap after
{Heap after GC invocations=34 (full 2):
 PSYoungGen      total 22528K, used 800K [0x00000000d5580000, 0x00000000d6e80000, 0x0000000100000000)
  eden space 21504K, 0% used [0x00000000d5580000,0x00000000d5580000,0x00000000d6a80000)
  from space 1024K, 78% used [0x00000000d6d80000,0x00000000d6e48000,0x00000000d6e80000)
  to   space 1536K, 0% used [0x00000000d6b80000,0x00000000d6b80000,0x00000000d6d00000)
 ParOldGen       total 68608K, used 53445K [0x0000000080000000, 0x0000000084300000, 0x00000000d5580000)
  object space 68608K, 77% used [0x0000000080000000,0x00000000834314b0,0x0000000084300000)
 Metaspace       used 55323K, committed 56640K, reserved 1114112K
  class space    used 5972K, committed 6528K, reserved 1048576K
}
Event: 7.839 GC heap before
{Heap before GC invocations=35 (full 2):
 PSYoungGen      total 22528K, used 22304K [0x00000000d5580000, 0x00000000d6e80000, 0x0000000100000000)
  eden space 21504K, 100% used [0x00000000d5580000,0x00000000d6a80000,0x00000000d6a80000)
  from space 1024K, 78% used [0x00000000d6d80000,0x00000000d6e48000,0x00000000d6e80000)
  to   space 1536K, 0% used [0x00000000d6b80000,0x00000000d6b80000,0x00000000d6d00000)
 ParOldGen       total 68608K, used 53445K [0x0000000080000000, 0x0000000084300000, 0x00000000d5580000)
  object space 68608K, 77% used [0x0000000080000000,0x00000000834314b0,0x0000000084300000)
 Metaspace       used 57059K, committed 58496K, reserved 1114112K
  class space    used 6121K, committed 6720K, reserved 1048576K
}
Event: 7.873 GC heap after
{Heap after GC invocations=35 (full 2):
 PSYoungGen      total 23040K, used 1504K [0x00000000d5580000, 0x00000000d6e80000, 0x0000000100000000)
  eden space 21504K, 0% used [0x00000000d5580000,0x00000000d5580000,0x00000000d6a80000)
  from space 1536K, 97% used [0x00000000d6b80000,0x00000000d6cf8040,0x00000000d6d00000)
  to   space 1024K, 0% used [0x00000000d6d80000,0x00000000d6d80000,0x00000000d6e80000)
 ParOldGen       total 68608K, used 54258K [0x0000000080000000, 0x0000000084300000, 0x00000000d5580000)
  object space 68608K, 79% used [0x0000000080000000,0x00000000834fc930,0x0000000084300000)
 Metaspace       used 57059K, committed 58496K, reserved 1114112K
  class space    used 6121K, committed 6720K, reserved 1048576K
}

Dll operation events (10 events):
Event: 0.016 Loaded shared library c:\Users\Laura\.vscode\extensions\redhat.java-1.51.0-win32-x64\jre\21.0.9-win32-x86_64\bin\java.dll
Event: 0.076 Loaded shared library c:\Users\Laura\.vscode\extensions\redhat.java-1.51.0-win32-x64\jre\21.0.9-win32-x86_64\bin\zip.dll
Event: 0.091 Loaded shared library C:\Users\Laura\.vscode\extensions\redhat.java-1.51.0-win32-x64\jre\21.0.9-win32-x86_64\bin\instrument.dll
Event: 0.094 Loaded shared library C:\Users\Laura\.vscode\extensions\redhat.java-1.51.0-win32-x64\jre\21.0.9-win32-x86_64\bin\net.dll
Event: 0.098 Loaded shared library C:\Users\Laura\.vscode\extensions\redhat.java-1.51.0-win32-x64\jre\21.0.9-win32-x86_64\bin\nio.dll
Event: 0.101 Loaded shared library C:\Users\Laura\.vscode\extensions\redhat.java-1.51.0-win32-x64\jre\21.0.9-win32-x86_64\bin\zip.dll
Event: 0.114 Loaded shared library C:\Users\Laura\.vscode\extensions\redhat.java-1.51.0-win32-x64\jre\21.0.9-win32-x86_64\bin\jimage.dll
Event: 0.178 Loaded shared library c:\Users\Laura\.vscode\extensions\redhat.java-1.51.0-win32-x64\jre\21.0.9-win32-x86_64\bin\verify.dll
Event: 1.278 Loaded shared library C:\Users\Laura\AppData\Roaming\Code\User\globalStorage\redhat.java\1.51.0\config_win\org.eclipse.equinox.launcher\org.eclipse.equinox.launcher.win32.win32.x86_64_1.2.1400.v20250801-0854\eclipse_11916.dll
Event: 2.546 Loaded shared library C:\Users\Laura\AppData\Local\Temp\jna-73193391\jna13750202177406031564.dll

Deoptimization events (20 events):
Event: 8.177 Thread 0x000001d1798a3e70 Uncommon trap: trap_request=0xffffffc6 fr.pc=0x000001d1248e51a0 relative=0x00000000000003a0
Event: 8.177 Thread 0x000001d1798a3e70 Uncommon trap: reason=bimorphic_or_optimized_type_check action=maybe_recompile pc=0x000001d1248e51a0 method=lombok.eclipse.EclipseNode.traverse(Llombok/eclipse/EclipseASTVisitor;)V @ 512 c2
Event: 8.177 Thread 0x000001d1798a3e70 DEOPT PACKING pc=0x000001d1248e51a0 sp=0x00000021154fe8e0
Event: 8.177 Thread 0x000001d1798a3e70 DEOPT UNPACKING pc=0x000001d123f63aa2 sp=0x00000021154fe870 mode 2
Event: 8.177 Thread 0x000001d1798a3e70 Uncommon trap: trap_request=0xffffffc6 fr.pc=0x000001d1248e51a0 relative=0x00000000000003a0
Event: 8.177 Thread 0x000001d1798a3e70 Uncommon trap: reason=bimorphic_or_optimized_type_check action=maybe_recompile pc=0x000001d1248e51a0 method=lombok.eclipse.EclipseNode.traverse(Llombok/eclipse/EclipseASTVisitor;)V @ 512 c2
Event: 8.177 Thread 0x000001d1798a3e70 DEOPT PACKING pc=0x000001d1248e51a0 sp=0x00000021154fe8e0
Event: 8.177 Thread 0x000001d1798a3e70 DEOPT UNPACKING pc=0x000001d123f63aa2 sp=0x00000021154fe870 mode 2
Event: 8.193 Thread 0x000001d1798a3e70 Uncommon trap: trap_request=0xffffffde fr.pc=0x000001d1247991e8 relative=0x00000000000005e8
Event: 8.193 Thread 0x000001d1798a3e70 Uncommon trap: reason=class_check action=maybe_recompile pc=0x000001d1247991e8 method=java.util.HashMap.removeNode(ILjava/lang/Object;Ljava/lang/Object;ZZ)Ljava/util/HashMap$Node; @ 143 c2
Event: 8.193 Thread 0x000001d1798a3e70 DEOPT PACKING pc=0x000001d1247991e8 sp=0x00000021154fe910
Event: 8.193 Thread 0x000001d1798a3e70 DEOPT UNPACKING pc=0x000001d123f63aa2 sp=0x00000021154fe808 mode 2
Event: 8.214 Thread 0x000001d1798a3e70 Uncommon trap: trap_request=0xffffff45 fr.pc=0x000001d1248dbcc8 relative=0x00000000000000a8
Event: 8.214 Thread 0x000001d1798a3e70 Uncommon trap: reason=unstable_if action=reinterpret pc=0x000001d1248dbcc8 method=org.eclipse.jdt.internal.compiler.lookup.TypeBinding.equalsEquals(Lorg/eclipse/jdt/internal/compiler/lookup/TypeBinding;Lorg/eclipse/jdt/internal/compiler/lookup/TypeBinding
Event: 8.215 Thread 0x000001d1798a3e70 DEOPT PACKING pc=0x000001d1248dbcc8 sp=0x00000021154feb70
Event: 8.215 Thread 0x000001d1798a3e70 DEOPT UNPACKING pc=0x000001d123f63aa2 sp=0x00000021154feb10 mode 2
Event: 8.247 Thread 0x000001d1798a3e70 Uncommon trap: trap_request=0xffffff6e fr.pc=0x000001d1248fce8c relative=0x000000000000016c
Event: 8.247 Thread 0x000001d1798a3e70 Uncommon trap: reason=loop_limit_check action=maybe_recompile pc=0x000001d1248fce8c method=org.eclipse.jdt.internal.compiler.lookup.ReferenceBinding.compare([C[CII)I @ 46 c2
Event: 8.247 Thread 0x000001d1798a3e70 DEOPT PACKING pc=0x000001d1248fce8c sp=0x00000021154fe650
Event: 8.247 Thread 0x000001d1798a3e70 DEOPT UNPACKING pc=0x000001d123f63aa2 sp=0x00000021154fe5c0 mode 2

Classes loaded (20 events):
Event: 7.788 Loading class jdk/internal/module/IllegalAccessLogger
Event: 7.788 Loading class jdk/internal/module/IllegalAccessLogger done
Event: 7.793 Loading class java/util/concurrent/ArrayBlockingQueue
Event: 7.794 Loading class java/util/concurrent/ArrayBlockingQueue done
Event: 7.928 Loading class java/util/Hashtable$ValueCollection
Event: 7.928 Loading class java/util/Hashtable$ValueCollection done
Event: 7.934 Loading class java/util/concurrent/ConcurrentHashMap$KeySpliterator
Event: 7.934 Loading class java/util/concurrent/ConcurrentHashMap$KeySpliterator done
Event: 7.946 Loading class sun/nio/ch/ChannelOutputStream
Event: 7.946 Loading class sun/nio/ch/ChannelOutputStream done
Event: 7.996 Loading class java/util/stream/ReferencePipeline$4
Event: 7.997 Loading class java/util/stream/ReferencePipeline$4 done
Event: 7.997 Loading class java/util/stream/Nodes$IntFixedNodeBuilder
Event: 7.997 Loading class java/util/stream/Node$Builder$OfInt
Event: 7.998 Loading class java/util/stream/Node$Builder$OfInt done
Event: 7.998 Loading class java/util/stream/Nodes$IntArrayNode
Event: 7.998 Loading class java/util/stream/Nodes$IntArrayNode done
Event: 7.998 Loading class java/util/stream/Nodes$IntFixedNodeBuilder done
Event: 7.998 Loading class java/util/stream/ReferencePipeline$4$1
Event: 7.998 Loading class java/util/stream/ReferencePipeline$4$1 done

Classes unloaded (7 events):
Event: 2.939 Thread 0x000001d11744ea60 Unloading class 0x000001d1321a4800 'java/lang/invoke/LambdaForm$MH+0x000001d1321a4800'
Event: 2.939 Thread 0x000001d11744ea60 Unloading class 0x000001d1321a4400 'java/lang/invoke/LambdaForm$MH+0x000001d1321a4400'
Event: 2.939 Thread 0x000001d11744ea60 Unloading class 0x000001d1321a4000 'java/lang/invoke/LambdaForm$MH+0x000001d1321a4000'
Event: 2.939 Thread 0x000001d11744ea60 Unloading class 0x000001d1321a3c00 'java/lang/invoke/LambdaForm$MH+0x000001d1321a3c00'
Event: 2.939 Thread 0x000001d11744ea60 Unloading class 0x000001d1321a3800 'java/lang/invoke/LambdaForm$BMH+0x000001d1321a3800'
Event: 2.939 Thread 0x000001d11744ea60 Unloading class 0x000001d1321a3400 'java/lang/invoke/LambdaForm$DMH+0x000001d1321a3400'
Event: 2.939 Thread 0x000001d11744ea60 Unloading class 0x000001d1321a2000 'java/lang/invoke/LambdaForm$DMH+0x000001d1321a2000'

Classes redefined (0 events):
No events

Internal exceptions (20 events):
Event: 5.927 Thread 0x000001d179b09e30 Exception <a 'sun/nio/fs/WindowsException'{0x00000000d676b378}> (0x00000000d676b378) 
thrown [s\src\hotspot\share\prims\jni.cpp, line 520]
Event: 5.927 Thread 0x000001d179b0ab50 Exception <a 'sun/nio/fs/WindowsException'{0x00000000d677d358}> (0x00000000d677d358) 
thrown [s\src\hotspot\share\prims\jni.cpp, line 520]
Event: 5.927 Thread 0x000001d179b09110 Exception <a 'sun/nio/fs/WindowsException'{0x00000000d6747bb0}> (0x00000000d6747bb0) 
thrown [s\src\hotspot\share\prims\jni.cpp, line 520]
Event: 5.927 Thread 0x000001d179b0a4c0 Exception <a 'sun/nio/fs/WindowsException'{0x00000000d6759678}> (0x00000000d6759678) 
thrown [s\src\hotspot\share\prims\jni.cpp, line 520]
Event: 5.931 Thread 0x000001d179b09110 Exception <a 'sun/nio/fs/WindowsException'{0x00000000d674b8a0}> (0x00000000d674b8a0) 
thrown [s\src\hotspot\share\prims\jni.cpp, line 520]
Event: 5.932 Thread 0x000001d179b0a4c0 Exception <a 'sun/nio/fs/WindowsException'{0x00000000d675d610}> (0x00000000d675d610) 
thrown [s\src\hotspot\share\prims\jni.cpp, line 520]
Event: 7.043 Thread 0x000001d17792b1b0 Exception <a 'java/lang/NoSuchMethodError'{0x00000000d6319f98}: 'java.lang.Object java.lang.invoke.DirectMethodHandle$Holder.invokeStatic(java.lang.Object, java.lang.Object, int, int)'> (0x00000000d6319f98) 
thrown [s\src\hotspot\share\interpreter\linkResolver.cpp, line 773]
Event: 7.043 Thread 0x000001d17792b1b0 Exception <a 'java/lang/NoSuchMethodError'{0x00000000d631e2a8}: 'java.lang.Object java.lang.invoke.DirectMethodHandle$Holder.invokeSpecial(java.lang.Object, java.lang.Object, java.lang.Object, int, int)'> (0x00000000d631e2a8) 
thrown [s\src\hotspot\share\interpreter\linkResolver.cpp, line 773]
Event: 7.044 Thread 0x000001d17792b1b0 Implicit null exception at 0x000001d1247ba431 to 0x000001d1247ba738
Event: 7.382 Thread 0x000001d17792b840 Exception <a 'sun/nio/fs/WindowsException'{0x00000000d5723b68}> (0x00000000d5723b68) 
thrown [s\src\hotspot\share\prims\jni.cpp, line 520]
Event: 7.382 Thread 0x000001d17792b840 Exception <a 'sun/nio/fs/WindowsException'{0x00000000d5724668}> (0x00000000d5724668) 
thrown [s\src\hotspot\share\prims\jni.cpp, line 520]
Event: 7.405 Thread 0x000001d17792b840 Exception <a 'java/io/FileNotFoundException'{0x00000000d57791e8}> (0x00000000d57791e8) 
thrown [s\src\hotspot\share\prims\jni.cpp, line 520]
Event: 7.406 Thread 0x000001d17792b840 Exception <a 'java/io/FileNotFoundException'{0x00000000d577a2f8}> (0x00000000d577a2f8) 
thrown [s\src\hotspot\share\prims\jni.cpp, line 520]
Event: 7.406 Thread 0x000001d17792b840 Exception <a 'java/io/FileNotFoundException'{0x00000000d577b088}> (0x00000000d577b088) 
thrown [s\src\hotspot\share\prims\jni.cpp, line 520]
Event: 7.425 Thread 0x000001d17792b1b0 Exception <a 'java/lang/NoSuchMethodError'{0x00000000d5705980}: 'int java.lang.invoke.DirectMethodHandle$Holder.invokeSpecialIFC(java.lang.Object, java.lang.Object, java.lang.Object)'> (0x00000000d5705980) 
thrown [s\src\hotspot\share\interpreter\linkResolver.cpp, line 773]
Event: 7.445 Thread 0x000001d17792b1b0 Implicit null exception at 0x000001d1248686cf to 0x000001d124868844
Event: 7.839 Thread 0x000001d1798a3e70 Exception <a 'java/lang/NoSuchMethodError'{0x00000000d6a790c8}: 'void java.lang.invoke.DirectMethodHandle$Holder.invokeStatic(java.lang.Object, int, java.lang.Object)'> (0x00000000d6a790c8) 
thrown [s\src\hotspot\share\interpreter\linkResolver.cpp, line 773]
Event: 7.940 Thread 0x000001d17792b1b0 Exception <a 'java/lang/NoSuchMethodError'{0x00000000d5677628}: 'java.lang.Object java.lang.invoke.DirectMethodHandle$Holder.newInvokeSpecial(java.lang.Object, java.lang.Object, int, int, java.lang.Object)'> (0x00000000d5677628) 
thrown [s\src\hotspot\share\interpreter\linkResolver.cpp, line 773]
Event: 8.112 Thread 0x000001d1798a3e70 Exception <a 'java/lang/NoSuchMethodError'{0x00000000d5ba3678}: 'java.lang.Object java.lang.invoke.DirectMethodHandle$Holder.invokeStatic(java.lang.Object, java.lang.Object, int, java.lang.Object, java.lang.Object)'> (0x00000000d5ba3678) 
thrown [s\src\hotspot\share\interpreter\linkResolver.cpp, line 773]
Event: 8.214 Thread 0x000001d1798a3e70 Implicit null exception at 0x000001d1248dbc49 to 0x000001d1248dbcb8

ZGC Phase Switch (0 events):
No events

VM Operations (20 events):
Event: 6.660 Executing VM operation: ParallelGCFailedAllocation (Allocation Failure)
Event: 6.662 Executing VM operation: ParallelGCFailedAllocation (Allocation Failure) done
Event: 6.820 Executing VM operation: ParallelGCFailedAllocation (Allocation Failure)
Event: 6.823 Executing VM operation: ParallelGCFailedAllocation (Allocation Failure) done
Event: 6.865 Executing VM operation: ParallelGCFailedAllocation (Allocation Failure)
Event: 6.868 Executing VM operation: ParallelGCFailedAllocation (Allocation Failure) done
Event: 7.165 Executing VM operation: ParallelGCFailedAllocation (Allocation Failure)
Event: 7.167 Executing VM operation: ParallelGCFailedAllocation (Allocation Failure) done
Event: 7.680 Executing VM operation: ICBufferFull
Event: 7.680 Executing VM operation: ICBufferFull done
Event: 7.837 Executing VM operation: ICBufferFull
Event: 7.837 Executing VM operation: ICBufferFull done
Event: 7.839 Executing VM operation: ParallelGCFailedAllocation (Allocation Failure)
Event: 7.873 Executing VM operation: ParallelGCFailedAllocation (Allocation Failure) done
Event: 8.005 Executing VM operation: HandshakeAllThreads (Deoptimize)
Event: 8.005 Executing VM operation: HandshakeAllThreads (Deoptimize) done
Event: 8.140 Executing VM operation: ICBufferFull
Event: 8.140 Executing VM operation: ICBufferFull done
Event: 8.245 Executing VM operation: ICBufferFull
Event: 8.245 Executing VM operation: ICBufferFull done

Memory protections (0 events):
No events

Nmethod flushes (20 events):
Event: 3.970 Thread 0x000001d11744ea60 flushing  nmethod 0x000001d11cfe7d90
Event: 3.970 Thread 0x000001d11744ea60 flushing  nmethod 0x000001d11cff3490
Event: 3.970 Thread 0x000001d11744ea60 flushing  nmethod 0x000001d11d004190
Event: 3.970 Thread 0x000001d11744ea60 flushing  nmethod 0x000001d11d02bb10
Event: 3.970 Thread 0x000001d11744ea60 flushing  nmethod 0x000001d11d047d90
Event: 3.970 Thread 0x000001d11744ea60 flushing  nmethod 0x000001d11d048190
Event: 3.970 Thread 0x000001d11744ea60 flushing  nmethod 0x000001d11d048a90
Event: 3.970 Thread 0x000001d11744ea60 flushing  nmethod 0x000001d11d049c90
Event: 3.970 Thread 0x000001d11744ea60 flushing  nmethod 0x000001d11d04a490
Event: 3.970 Thread 0x000001d11744ea60 flushing  nmethod 0x000001d11d04c190
Event: 3.970 Thread 0x000001d11744ea60 flushing  nmethod 0x000001d11d04cb90
Event: 3.970 Thread 0x000001d11744ea60 flushing  nmethod 0x000001d11d04eb90
Event: 3.970 Thread 0x000001d11744ea60 flushing  nmethod 0x000001d11d04f010
Event: 3.970 Thread 0x000001d11744ea60 flushing  nmethod 0x000001d11d051b90
Event: 3.970 Thread 0x000001d11744ea60 flushing  nmethod 0x000001d11d098c10
Event: 3.970 Thread 0x000001d11744ea60 flushing  nmethod 0x000001d11d09c390
Event: 3.970 Thread 0x000001d11744ea60 flushing  nmethod 0x000001d11d09c690
Event: 3.970 Thread 0x000001d11744ea60 flushing  nmethod 0x000001d11d0d8990
Event: 3.970 Thread 0x000001d11744ea60 flushing  nmethod 0x000001d11d12a090
Event: 3.970 Thread 0x000001d11744ea60 flushing  nmethod 0x000001d11d12a510

Events (20 events):
Event: 3.825 Thread 0x000001d1197e1fa0 Thread added: 0x000001d179b06320
Event: 3.872 Thread 0x000001d1197e1fa0 Thread added: 0x000001d179b03bc0
Event: 4.062 Thread 0x000001d17792c560 Thread added: 0x000001d179b048e0
Event: 4.197 Thread 0x000001d1197e1fa0 Thread added: 0x000001d179b076d0
Event: 4.198 Thread 0x000001d1197e1fa0 Thread added: 0x000001d179b04f70
Event: 5.925 Thread 0x000001d17792b1b0 Thread added: 0x000001d179b083f0
Event: 5.925 Thread 0x000001d179b083f0 Thread added: 0x000001d179b08a80
Event: 5.926 Thread 0x000001d179b083f0 Thread added: 0x000001d179b09110
Event: 5.927 Thread 0x000001d179b09110 Thread added: 0x000001d179b0a4c0
Event: 5.927 Thread 0x000001d179b08a80 Thread added: 0x000001d179b09e30
Event: 5.927 Thread 0x000001d179b0a4c0 Thread added: 0x000001d179b0ab50
Event: 5.971 Thread 0x000001d17792b1b0 Thread added: 0x000001d1798a37e0
Event: 5.972 Thread 0x000001d17792b1b0 Thread added: 0x000001d1798a3150
Event: 5.972 Thread 0x000001d17792b1b0 Thread added: 0x000001d1798a1080
Event: 5.972 Thread 0x000001d17792b1b0 Thread added: 0x000001d1798a1710
Event: 7.794 Thread 0x000001d17792b1b0 Thread added: 0x000001d1798a3e70
Event: 7.941 Thread 0x000001d17792b1b0 Thread added: 0x000001d1798a1da0
Event: 7.968 Thread 0x000001d17792b1b0 Thread added: 0x000001d1798a2430
Event: 7.979 Thread 0x000001d17792b1b0 Thread added: 0x000001d1798a2ac0
Event: 7.994 Thread 0x000001d17792b1b0 Thread added: 0x000001d17de34f40


Dynamic libraries:
0x00007ff70cf90000 - 0x00007ff70cf9e000 	c:\Users\Laura\.vscode\extensions\redhat.java-1.51.0-win32-x64\jre\21.0.9-win32-x86_64\bin\java.exe
0x00007ff914100000 - 0x00007ff914367000 	C:\WINDOWS\SYSTEM32\ntdll.dll
0x00007ff912010000 - 0x00007ff9120d9000 	C:\WINDOWS\System32\KERNEL32.DLL
0x00007ff911aa0000 - 0x00007ff911e8f000 	C:\WINDOWS\System32\KERNELBASE.dll
0x00007ff911500000 - 0x00007ff91164b000 	C:\WINDOWS\System32\ucrtbase.dll
0x00007ff8e8070000 - 0x00007ff8e8088000 	c:\Users\Laura\.vscode\extensions\redhat.java-1.51.0-win32-x64\jre\21.0.9-win32-x86_64\bin\jli.dll
0x00007ff8e8050000 - 0x00007ff8e806e000 	c:\Users\Laura\.vscode\extensions\redhat.java-1.51.0-win32-x64\jre\21.0.9-win32-x86_64\bin\VCRUNTIME140.dll
0x00007ff913ae0000 - 0x00007ff913ca5000 	C:\WINDOWS\System32\USER32.dll
0x00007ff8effc0000 - 0x00007ff8f0253000 	C:\WINDOWS\WinSxS\amd64_microsoft.windows.common-controls_6595b64144ccf1df_6.0.26100.7309_none_3e05feeae336a044\COMCTL32.dll
0x00007ff911eb0000 - 0x00007ff911f59000 	C:\WINDOWS\System32\msvcrt.dll
0x00007ff9118f0000 - 0x00007ff911917000 	C:\WINDOWS\System32\win32u.dll
0x00007ff913ab0000 - 0x00007ff913adb000 	C:\WINDOWS\System32\GDI32.dll
0x00007ff911650000 - 0x00007ff91177c000 	C:\WINDOWS\System32\gdi32full.dll
0x00007ff911840000 - 0x00007ff9118e3000 	C:\WINDOWS\System32\msvcp_win.dll
0x00007ff9136c0000 - 0x00007ff9136f1000 	C:\WINDOWS\System32\IMM32.DLL
0x00007ff8e8040000 - 0x00007ff8e804c000 	c:\Users\Laura\.vscode\extensions\redhat.java-1.51.0-win32-x64\jre\21.0.9-win32-x86_64\bin\vcruntime140_1.dll
0x00007ff8a20f0000 - 0x00007ff8a217d000 	c:\Users\Laura\.vscode\extensions\redhat.java-1.51.0-win32-x64\jre\21.0.9-win32-x86_64\bin\msvcp140.dll
0x00007ff89ebe0000 - 0x00007ff89f980000 	c:\Users\Laura\.vscode\extensions\redhat.java-1.51.0-win32-x64\jre\21.0.9-win32-x86_64\bin\server\jvm.dll
0x00007ff912a70000 - 0x00007ff912b24000 	C:\WINDOWS\System32\ADVAPI32.dll
0x00007ff912320000 - 0x00007ff9123c6000 	C:\WINDOWS\System32\sechost.dll
0x00007ff913cb0000 - 0x00007ff913dc8000 	C:\WINDOWS\System32\RPCRT4.dll
0x00007ff914040000 - 0x00007ff9140b4000 	C:\WINDOWS\System32\WS2_32.dll
0x00007ff9110b0000 - 0x00007ff91110e000 	C:\WINDOWS\SYSTEM32\POWRPROF.dll
0x00007ff9073d0000 - 0x00007ff907405000 	C:\WINDOWS\SYSTEM32\WINMM.dll
0x00007ff90c440000 - 0x00007ff90c44b000 	C:\WINDOWS\SYSTEM32\VERSION.dll
0x00007ff911090000 - 0x00007ff9110a4000 	C:\WINDOWS\SYSTEM32\UMPDC.dll
0x00007ff910000000 - 0x00007ff91001b000 	C:\WINDOWS\SYSTEM32\kernel.appcore.dll
0x00007ff8e8030000 - 0x00007ff8e803a000 	c:\Users\Laura\.vscode\extensions\redhat.java-1.51.0-win32-x64\jre\21.0.9-win32-x86_64\bin\jimage.dll
0x00007ff9074d0000 - 0x00007ff907712000 	C:\WINDOWS\SYSTEM32\DBGHELP.DLL
0x00007ff913700000 - 0x00007ff913a86000 	C:\WINDOWS\System32\combase.dll
0x00007ff912b30000 - 0x00007ff912c06000 	C:\WINDOWS\System32\OLEAUT32.dll
0x00007ff9020e0000 - 0x00007ff90211c000 	C:\WINDOWS\SYSTEM32\dbgcore.DLL
0x00007ff911250000 - 0x00007ff9112f5000 	C:\WINDOWS\System32\bcryptPrimitives.dll
0x00007ff90e000000 - 0x00007ff90e00f000 	c:\Users\Laura\.vscode\extensions\redhat.java-1.51.0-win32-x64\jre\21.0.9-win32-x86_64\bin\instrument.dll
0x00007ff8a7a20000 - 0x00007ff8a7a40000 	c:\Users\Laura\.vscode\extensions\redhat.java-1.51.0-win32-x64\jre\21.0.9-win32-x86_64\bin\java.dll
0x00007ff912e20000 - 0x00007ff913573000 	C:\WINDOWS\System32\SHELL32.dll
0x00007ff911300000 - 0x00007ff91146a000 	C:\WINDOWS\System32\wintypes.dll
0x00007ff90ee90000 - 0x00007ff90f6ee000 	C:\WINDOWS\SYSTEM32\windows.storage.dll
0x00007ff913dd0000 - 0x00007ff913ec5000 	C:\WINDOWS\System32\SHCORE.dll
0x00007ff912db0000 - 0x00007ff912e16000 	C:\WINDOWS\System32\shlwapi.dll
0x00007ff911170000 - 0x00007ff911199000 	C:\WINDOWS\SYSTEM32\profapi.dll
0x00007ff8e8010000 - 0x00007ff8e8028000 	c:\Users\Laura\.vscode\extensions\redhat.java-1.51.0-win32-x64\jre\21.0.9-win32-x86_64\bin\zip.dll
0x00007ff90dff0000 - 0x00007ff90e000000 	C:\Users\Laura\.vscode\extensions\redhat.java-1.51.0-win32-x64\jre\21.0.9-win32-x86_64\bin\net.dll
0x00007ff90bae0000 - 0x00007ff90bc08000 	C:\WINDOWS\SYSTEM32\WINHTTP.dll
0x00007ff910570000 - 0x00007ff9105db000 	C:\WINDOWS\system32\mswsock.dll
0x00007ff90be30000 - 0x00007ff90be46000 	C:\Users\Laura\.vscode\extensions\redhat.java-1.51.0-win32-x64\jre\21.0.9-win32-x86_64\bin\nio.dll
0x00007ff90c0e0000 - 0x00007ff90c0f0000 	c:\Users\Laura\.vscode\extensions\redhat.java-1.51.0-win32-x64\jre\21.0.9-win32-x86_64\bin\verify.dll
0x00007ff8ef400000 - 0x00007ff8ef444000 	C:\Users\Laura\AppData\Roaming\Code\User\globalStorage\redhat.java\1.51.0\config_win\org.eclipse.equinox.launcher\org.eclipse.equinox.launcher.win32.win32.x86_64_1.2.1400.v20250801-0854\eclipse_11916.dll
0x00007ff912c10000 - 0x00007ff912da7000 	C:\WINDOWS\System32\ole32.dll
0x00007ff910830000 - 0x00007ff91084b000 	C:\WINDOWS\SYSTEM32\CRYPTSP.dll
0x00007ff90ff60000 - 0x00007ff90ff9a000 	C:\WINDOWS\system32\rsaenh.dll
0x00007ff910620000 - 0x00007ff91064b000 	C:\WINDOWS\SYSTEM32\USERENV.dll
0x00007ff911140000 - 0x00007ff91116a000 	C:\WINDOWS\SYSTEM32\bcrypt.dll
0x00007ff910850000 - 0x00007ff91085c000 	C:\WINDOWS\SYSTEM32\CRYPTBASE.dll
0x00007ff90fa10000 - 0x00007ff90fa44000 	C:\WINDOWS\SYSTEM32\IPHLPAPI.DLL
0x00007ff913a90000 - 0x00007ff913a9a000 	C:\WINDOWS\System32\NSI.dll
0x00007ff8ece10000 - 0x00007ff8ece59000 	C:\Users\Laura\AppData\Local\Temp\jna-73193391\jna13750202177406031564.dll
0x00007ff913aa0000 - 0x00007ff913aa8000 	C:\WINDOWS\System32\PSAPI.DLL
0x00007ff90b740000 - 0x00007ff90b75e000 	C:\WINDOWS\SYSTEM32\dhcpcsvc6.DLL
0x00007ff90b6c0000 - 0x00007ff90b6e3000 	C:\WINDOWS\SYSTEM32\dhcpcsvc.DLL

JVMTI agents:
c:\Users\Laura\.vscode\extensions\redhat.java-1.51.0-win32-x64\lombok\lombok-1.18.39-4050.jar path:c:\Users\Laura\.vscode\extensions\redhat.java-1.51.0-win32-x64\jre\21.0.9-win32-x86_64\bin\instrument.dll, loaded, initialized, instrumentlib options:none

dbghelp: loaded successfully - version: 4.0.5 - missing functions: none
symbol engine: initialized successfully - sym options: 0x614 - pdb path: .;c:\Users\Laura\.vscode\extensions\redhat.java-1.51.0-win32-x64\jre\21.0.9-win32-x86_64\bin;C:\WINDOWS\SYSTEM32;C:\WINDOWS\WinSxS\amd64_microsoft.windows.common-controls_6595b64144ccf1df_6.0.26100.7309_none_3e05feeae336a044;c:\Users\Laura\.vscode\extensions\redhat.java-1.51.0-win32-x64\jre\21.0.9-win32-x86_64\bin\server;C:\Users\Laura\AppData\Roaming\Code\User\globalStorage\redhat.java\1.51.0\config_win\org.eclipse.equinox.launcher\org.eclipse.equinox.launcher.win32.win32.x86_64_1.2.1400.v20250801-0854;C:\Users\Laura\AppData\Local\Temp\jna-73193391

VM Arguments:
jvm_args: --add-modules=ALL-SYSTEM --add-opens=java.base/java.util=ALL-UNNAMED --add-opens=java.base/java.lang=ALL-UNNAMED --add-opens=java.base/sun.nio.fs=ALL-UNNAMED -Declipse.application=org.eclipse.jdt.ls.core.id1 -Dosgi.bundles.defaultStartLevel=4 -Declipse.product=org.eclipse.jdt.ls.core.product -Djava.import.generatesMetadataFilesAtProjectRoot=false -DDetectVMInstallationsJob.disabled=true -Dfile.encoding=utf8 -XX:+UseParallelGC -XX:GCTimeRatio=4 -XX:AdaptiveSizePolicyWeight=90 -Dsun.zip.disableMemoryMapping=true -Xmx2G -Xms100m -Xlog:disable -javaagent:c:\Users\Laura\.vscode\extensions\redhat.java-1.51.0-win32-x64\lombok\lombok-1.18.39-4050.jar -XX:+HeapDumpOnOutOfMemoryError -XX:HeapDumpPath=c:\Users\Laura\AppData\Roaming\Code\User\workspaceStorage\60b8c2716f1c298b346c9fc696469dde\redhat.java -Daether.dependencyCollector.impl=bf 
java_command: c:\Users\Laura\.vscode\extensions\redhat.java-1.51.0-win32-x64\server\plugins\org.eclipse.equinox.launcher_1.7.100.v20251111-0406.jar -configuration c:\Users\Laura\AppData\Roaming\Code\User\globalStorage\redhat.java\1.51.0\config_win -data c:\Users\Laura\AppData\Roaming\Code\User\workspaceStorage\60b8c2716f1c298b346c9fc696469dde\redhat.java\jdt_ws --pipe=\\.\pipe\lsp-03ecca444c3fcf9b994ffef41af67951-sock
java_class_path (initial): c:\Users\Laura\.vscode\extensions\redhat.java-1.51.0-win32-x64\server\plugins\org.eclipse.equinox.launcher_1.7.100.v20251111-0406.jar
Launcher Type: SUN_STANDARD

[Global flags]
    uintx AdaptiveSizePolicyWeight                 = 90                                        {product} {command line}
     intx CICompilerCount                          = 3                                         {product} {ergonomic}
    uintx GCTimeRatio                              = 4                                         {product} {command line}
     bool HeapDumpOnOutOfMemoryError               = true                                   {manageable} {command line}
    ccstr HeapDumpPath                             = c:\Users\Laura\AppData\Roaming\Code\User\workspaceStorage\60b8c2716f1c298b346c9fc696469dde\redhat.java         {manageable} {command line}
   size_t InitialHeapSize                          = 104857600                                 {product} {command line}
   size_t MaxHeapSize                              = 2147483648                                {product} {command line}
   size_t MaxNewSize                               = 715653120                                 {product} {ergonomic}
   size_t MinHeapDeltaBytes                        = 524288                                    {product} {ergonomic}
   size_t MinHeapSize                              = 104857600                                 {product} {command line}
   size_t NewSize                                  = 34603008                                  {product} {ergonomic}
    uintx NonNMethodCodeHeapSize                   = 5832780                                {pd product} {ergonomic}
    uintx NonProfiledCodeHeapSize                  = 122912730                              {pd product} {ergonomic}
   size_t OldSize                                  = 70254592                                  {product} {ergonomic}
    uintx ProfiledCodeHeapSize                     = 122912730                              {pd product} {ergonomic}
    uintx ReservedCodeCacheSize                    = 251658240                              {pd product} {ergonomic}
     bool SegmentedCodeCache                       = true                                      {product} {ergonomic}
   size_t SoftMaxHeapSize                          = 2147483648                             {manageable} {ergonomic}
     bool UseCompressedOops                        = true                           {product lp64_product} {ergonomic}
     bool UseLargePagesIndividualAllocation        = false                                  {pd product} {ergonomic}
     bool UseParallelGC                            = true                                      {product} {command line}

Logging:
Log output configuration:
 #0: stdout all=off uptime,level,tags foldmultilines=false
 #1: stderr all=off uptime,level,tags foldmultilines=false

Release file:
JAVA_VERSION="21.0.9" 
MODULES="java.base java.compiler java.datatransfer java.xml java.prefs java.desktop java.instrument java.logging java.management java.security.sasl java.naming java.rmi java.management.rmi java.net.http java.scripting java.security.jgss java.transaction.xa java.sql java.sql.rowset java.xml.crypto java.se java.smartcardio jdk.accessibility jdk.internal.jvmstat jdk.attach jdk.charsets jdk.internal.opt jdk.zipfs jdk.compiler jdk.crypto.ec jdk.crypto.cryptoki jdk.crypto.mscapi jdk.dynalink jdk.internal.ed jdk.editpad jdk.hotspot.agent jdk.httpserver jdk.internal.le jdk.internal.vm.ci jdk.internal.vm.compiler jdk.internal.vm.compiler.management jdk.jartool jdk.javadoc jdk.jcmd jdk.management jdk.management.agent jdk.jconsole jdk.jdeps jdk.jdwp.agent jdk.jdi jdk.jfr jdk.jshell jdk.jsobject jdk.jstatd jdk.localedata jdk.management.jfr jdk.naming.dns jdk.naming.rmi jdk.net jdk.nio.mapmode jdk.random jdk.sctp jdk.security.auth jdk.security.jgss jdk.unsupported jdk.unsupported.desktop jdk.xml.dom" 

Environment Variables:
JAVA_HOME=C:\Program Files\Eclipse Adoptium\jdk-21.0.8.9-hotspot\
PATH=C:\Program Files\Eclipse Adoptium\jdk-21.0.8.9-hotspot\bin;C:\Program Files\Common Files\Oracle\Java\javapath;C:\Program Files (x86)\Common Files\Oracle\Java\java8path;C:\Program Files (x86)\Common Files\Oracle\Java\javapath;C:\WINDOWS\system32;C:\WINDOWS;C:\WINDOWS\System32\Wbem;C:\WINDOWS\System32\WindowsPowerShell\v1.0\;C:\WINDOWS\System32\OpenSSH\;C:\Program Files\Git\cmd;C:\Program Files\dotnet\;C:\Users\Laura\Documents\apache-maven-3.9.11\bin;C:\Users\Laura\AppData\Local\Programs\Python\Python314\Scripts\;C:\Users\Laura\AppData\Local\Programs\Python\Python314\;C:\Users\Laura\AppData\Local\Programs\Python\Launcher\;C:\Program Files\MySQL\MySQL Shell 8.0\bin\;C:\Users\Laura\AppData\Local\Microsoft\WindowsApps;C:\Users\Laura\AppData\Local\Programs\Microsoft VS Code\bin;C:\Users\Laura\.dotnet\tools
USERNAME=Laura
OS=Windows_NT
PROCESSOR_IDENTIFIER=Intel64 Family 6 Model 158 Stepping 10, GenuineIntel
TMP=C:\Users\Laura\AppData\Local\Temp
TEMP=C:\Users\Laura\AppData\Local\Temp




Periodic native trim disabled

---------------  S Y S T E M  ---------------

OS:
 Windows 11 , 64 bit Build 26100 (10.0.26100.7623)
OS uptime: 11 days 2:36 hours

CPU: total 6 (initial active 6) (6 cores per cpu, 1 threads per core) family 6 model 158 stepping 10 microcode 0xfa, cx8, cmov, fxsr, mmx, 3dnowpref, sse, sse2, sse3, ssse3, sse4.1, sse4.2, popcnt, lzcnt, tsc, tscinvbit, avx, avx2, aes, erms, clmul, bmi1, bmi2, rtm, adx, fma, vzeroupper, clflush, clflushopt, rdtscp, f16c
Processor Information for the first 6 processors :
  Max Mhz: 3000, Current Mhz: 3000, Mhz Limit: 3000

Memory: 4k page, system-wide physical 16165M (710M free)
TotalPageFile size 46583M (AvailPageFile size 0M)
current process WorkingSet (physical memory assigned to process): 276M, peak: 276M
current process commit charge ("private bytes"): 354M, peak: 355M

vm_info: OpenJDK 64-Bit Server VM (21.0.9+10-LTS) for windows-amd64 JRE (21.0.9+10-LTS), built on 2025-10-21T00:00:00Z by "admin" with unknown MS VC++:1942

END.
